
  .   ____          _            __ _ _
 /\\ / ___'_ __ _ _(_)_ __  __ _ \ \ \ \
( ( )\___ | '_ | '_| | '_ \/ _` | \ \ \ \
 \\/  ___)| |_)| | | | | || (_| |  ) ) ) )
  '  |____| .__|_| |_|_| |_\__, | / / / /
 =========|_|==============|___/=/_/_/_/
 :: Spring Boot ::                (v2.7.8)

2024-09-25 15:53:27.136  INFO 8161 --- [           main] c.v.backend.BackEndApplication           : Starting BackEndApplication v0.0.1-SNAPSHOT using Java 1.8.0_421 on VM-8-16-centos with PID 8161 (/var/PracticeProjects/vue-admin-projects/vue-admin-project/BackEnd/target/BackEnd-0.0.1-SNAPSHOT.jar started by root in /var/PracticeProjects/vue-admin-projects/vue-admin-project)
2024-09-25 15:53:27.140  INFO 8161 --- [           main] c.v.backend.BackEndApplication           : No active profile set, falling back to 1 default profile: "default"
2024-09-25 15:53:28.234  INFO 8161 --- [           main] .s.d.r.c.RepositoryConfigurationDelegate : Multiple Spring Data modules found, entering strict repository configuration mode
2024-09-25 15:53:28.237  INFO 8161 --- [           main] .s.d.r.c.RepositoryConfigurationDelegate : Bootstrapping Spring Data Redis repositories in DEFAULT mode.
2024-09-25 15:53:28.263  INFO 8161 --- [           main] .s.d.r.c.RepositoryConfigurationDelegate : Finished Spring Data repository scanning in 9 ms. Found 0 Redis repository interfaces.
2024-09-25 15:53:29.306  INFO 8161 --- [           main] o.s.b.w.embedded.tomcat.TomcatWebServer  : Tomcat initialized with port(s): 8080 (http)
2024-09-25 15:53:29.324  INFO 8161 --- [           main] o.apache.catalina.core.StandardService   : Starting service [Tomcat]
2024-09-25 15:53:29.325  INFO 8161 --- [           main] org.apache.catalina.core.StandardEngine  : Starting Servlet engine: [Apache Tomcat/9.0.71]
2024-09-25 15:53:29.542  INFO 8161 --- [           main] o.a.c.c.C.[Tomcat].[localhost].[/]       : Initializing Spring embedded WebApplicationContext
2024-09-25 15:53:29.543  INFO 8161 --- [           main] w.s.c.ServletWebServerApplicationContext : Root WebApplicationContext: initialization completed in 2307 ms
2024-09-25 15:53:30.299  WARN 8161 --- [           main] c.b.m.core.metadata.TableInfoHelper      : Can not find table primary key in Class: "com.vueadminproject.backend.pojo.UserAndDeptProfile".
2024-09-25 15:53:30.300  WARN 8161 --- [           main] c.b.m.core.injector.DefaultSqlInjector   : class com.vueadminproject.backend.pojo.UserAndDeptProfile ,Not found @TableId annotation, Cannot use Mybatis-Plus 'xxById' Method.
 _ _   |_  _ _|_. ___ _ |    _ 
| | |\/|_)(_| | |_\  |_)||_|_\ 
     /               |         
                        3.5.7 
2024-09-25 15:53:31.752  INFO 8161 --- [           main] o.s.b.w.embedded.tomcat.TomcatWebServer  : Tomcat started on port(s): 8080 (http) with context path ''
2024-09-25 15:53:31.780  INFO 8161 --- [           main] c.v.backend.BackEndApplication           : Started BackEndApplication in 5.364 seconds (JVM running for 6.068)
